2025-05-04 15:45:39 [ERROR]: GET /posts - Invalid URL
2025-05-04 15:46:25 [ERROR]: GET /posts - Invalid URL
2025-05-04 15:47:20 [ERROR]: GET /posts/ - Invalid URL
2025-05-04 15:47:50 [ERROR]: GET /posts/1 - Invalid URL
2025-05-04 15:49:07 [ERROR]: GET /posts/1 - Invalid URL
2025-05-04 15:49:59 [ERROR]: GET /posts/1 - Invalid URL
2025-05-04 15:52:54 [ERROR]: GET /posts/1 - Invalid URL
2025-05-04 15:53:45 [ERROR]: GET /posts/1 - api.get is not a function
2025-05-04 15:53:56 [ERROR]: GET /posts/1 - api.get is not a function
2025-05-04 15:54:01 [ERROR]: GET /posts/1 - api.get is not a function
2025-05-04 15:54:06 [ERROR]: GET /posts/ - api.get is not a function
2025-05-04 15:57:25 [ERROR]: GET /posts/ - api.get is not a function
2025-05-04 16:03:28 [ERROR]: GET /posts/ - api.get is not a function
2025-05-04 16:05:54 [ERROR]: GET /posts/ - api.get is not a function
2025-05-04 16:12:16 [ERROR]: GET /posts/ - timeout of 5000ms exceeded
2025-05-04 16:22:30 [ERROR]: GET /posts/ - timeout of 5000ms exceeded
2025-05-04 16:27:28 [ERROR]: GET /posts/ - timeout of 5000ms exceeded
2025-05-04 16:29:42 [ERROR]: POST /posts/ - Expected double-quoted property name in JSON at position 77
2025-05-04 16:32:06 [ERROR]: GET /posts/ - data is not defined
2025-05-04 16:34:54 [ERROR]: GET /posts/ - timeout of 5000ms exceeded
